<?xml version="1.0" encoding="UTF-8"?>
<testsuite name="AnagramsTest" tests="2" skipped="0" failures="0" errors="0" timestamp="2016-04-21T21:38:55" hostname="epicodus-93.local" time="0.001">
  <properties/>
  <testcase name="TopAndPot_anAnagram_Test" classname="AnagramsTest" time="0.001"/>
  <testcase name="TopAndNot_anAnagram_Test" classname="AnagramsTest" time="0.0"/>
  <system-out><![CDATA[]]></system-out>
  <system-err><![CDATA[]]></system-err>
</testsuite>
